<?xml version="1.0" encoding="UTF-8"?>
<testsuite xmlns:xsi="http://www.w3.org/2001/XMLSchema-instance" xsi:noNamespaceSchemaLocation="https://maven.apache.org/surefire/maven-failsafe-plugin/xsd/failsafe-test-report.xsd" name="pagefactory.AbstractIT" time="0.016" tests="1" errors="1" skipped="0" failures="0">
  <properties>
    <property name="sun.desktop" value="windows"/>
    <property name="awt.toolkit" value="sun.awt.windows.WToolkit"/>
    <property name="file.encoding.pkg" value="sun.io"/>
    <property name="java.specification.version" value="1.8"/>
    <property name="sun.cpu.isalist" value="amd64"/>
    <property name="sun.jnu.encoding" value="Cp1252"/>
    <property name="java.class.path" value="D:\myProject\eclipsewkspaceoxy\SeleniumWebDriverProjs\swd-integrationtesting\target\test-classes;D:\myProject\eclipsewkspaceoxy\SeleniumWebDriverProjs\swd-integrationtesting\target\classes;D:\myProject\mavenrepos\repository\junit\junit\4.12\junit-4.12.jar;D:\myProject\mavenrepos\repository\org\hamcrest\hamcrest-core\1.3\hamcrest-core-1.3.jar;D:\myProject\mavenrepos\repository\javax\servlet\javax.servlet-api\4.0.1\javax.servlet-api-4.0.1.jar;D:\myProject\mavenrepos\repository\javax\servlet\jstl\1.2\jstl-1.2.jar;D:\myProject\mavenrepos\repository\org\seleniumhq\selenium\selenium-firefox-driver\3.14.0\selenium-firefox-driver-3.14.0.jar;D:\myProject\mavenrepos\repository\org\seleniumhq\selenium\selenium-api\3.14.0\selenium-api-3.14.0.jar;D:\myProject\mavenrepos\repository\org\seleniumhq\selenium\selenium-remote-driver\3.14.0\selenium-remote-driver-3.14.0.jar;D:\myProject\mavenrepos\repository\net\bytebuddy\byte-buddy\1.8.15\byte-buddy-1.8.15.jar;D:\myProject\mavenrepos\repository\org\apache\commons\commons-exec\1.3\commons-exec-1.3.jar;D:\myProject\mavenrepos\repository\commons-codec\commons-codec\1.10\commons-codec-1.10.jar;D:\myProject\mavenrepos\repository\commons-logging\commons-logging\1.2\commons-logging-1.2.jar;D:\myProject\mavenrepos\repository\com\google\guava\guava\25.0-jre\guava-25.0-jre.jar;D:\myProject\mavenrepos\repository\com\google\code\findbugs\jsr305\1.3.9\jsr305-1.3.9.jar;D:\myProject\mavenrepos\repository\org\checkerframework\checker-compat-qual\2.0.0\checker-compat-qual-2.0.0.jar;D:\myProject\mavenrepos\repository\com\google\errorprone\error_prone_annotations\2.1.3\error_prone_annotations-2.1.3.jar;D:\myProject\mavenrepos\repository\com\google\j2objc\j2objc-annotations\1.1\j2objc-annotations-1.1.jar;D:\myProject\mavenrepos\repository\org\codehaus\mojo\animal-sniffer-annotations\1.14\animal-sniffer-annotations-1.14.jar;D:\myProject\mavenrepos\repository\org\apache\httpcomponents\httpclient\4.5.5\httpclient-4.5.5.jar;D:\myProject\mavenrepos\repository\org\apache\httpcomponents\httpcore\4.4.9\httpcore-4.4.9.jar;D:\myProject\mavenrepos\repository\com\squareup\okhttp3\okhttp\3.10.0\okhttp-3.10.0.jar;D:\myProject\mavenrepos\repository\com\squareup\okio\okio\1.14.1\okio-1.14.1.jar;D:\myProject\mavenrepos\repository\org\springframework\spring-context\5.1.1.RELEASE\spring-context-5.1.1.RELEASE.jar;D:\myProject\mavenrepos\repository\org\springframework\spring-aop\5.1.1.RELEASE\spring-aop-5.1.1.RELEASE.jar;D:\myProject\mavenrepos\repository\org\springframework\spring-beans\5.1.1.RELEASE\spring-beans-5.1.1.RELEASE.jar;D:\myProject\mavenrepos\repository\org\springframework\spring-core\5.1.1.RELEASE\spring-core-5.1.1.RELEASE.jar;D:\myProject\mavenrepos\repository\org\springframework\spring-jcl\5.1.1.RELEASE\spring-jcl-5.1.1.RELEASE.jar;D:\myProject\mavenrepos\repository\org\springframework\spring-expression\5.1.1.RELEASE\spring-expression-5.1.1.RELEASE.jar;D:\myProject\mavenrepos\repository\org\springframework\spring-test\5.1.1.RELEASE\spring-test-5.1.1.RELEASE.jar;D:\myProject\mavenrepos\repository\org\seleniumhq\selenium\selenium-support\3.14.0\selenium-support-3.14.0.jar;"/>
    <property name="java.vm.vendor" value="Oracle Corporation"/>
    <property name="sun.arch.data.model" value="64"/>
    <property name="user.variant" value=""/>
    <property name="java.vendor.url" value="http://java.oracle.com/"/>
    <property name="user.timezone" value="Europe/Paris"/>
    <property name="java.vm.specification.version" value="1.8"/>
    <property name="os.name" value="Windows 7"/>
    <property name="user.country" value="FR"/>
    <property name="sun.java.launcher" value="SUN_STANDARD"/>
    <property name="sun.boot.library.path" value="C:\Program Files\Java\jdk1.8.0_172\jre\bin"/>
    <property name="sun.java.command" value="C:\Users\chr\AppData\Local\Temp\surefire3575235752811006492\surefirebooter1526917613270479308.jar C:\Users\chr\AppData\Local\Temp\surefire3575235752811006492 2018-10-25T10-31-21_670-jvmRun1 surefire7266194038179298703tmp surefire_05951697742936827815tmp"/>
    <property name="surefire.test.class.path" value="D:\myProject\eclipsewkspaceoxy\SeleniumWebDriverProjs\swd-integrationtesting\target\test-classes;D:\myProject\eclipsewkspaceoxy\SeleniumWebDriverProjs\swd-integrationtesting\target\classes;D:\myProject\mavenrepos\repository\junit\junit\4.12\junit-4.12.jar;D:\myProject\mavenrepos\repository\org\hamcrest\hamcrest-core\1.3\hamcrest-core-1.3.jar;D:\myProject\mavenrepos\repository\javax\servlet\javax.servlet-api\4.0.1\javax.servlet-api-4.0.1.jar;D:\myProject\mavenrepos\repository\javax\servlet\jstl\1.2\jstl-1.2.jar;D:\myProject\mavenrepos\repository\org\seleniumhq\selenium\selenium-firefox-driver\3.14.0\selenium-firefox-driver-3.14.0.jar;D:\myProject\mavenrepos\repository\org\seleniumhq\selenium\selenium-api\3.14.0\selenium-api-3.14.0.jar;D:\myProject\mavenrepos\repository\org\seleniumhq\selenium\selenium-remote-driver\3.14.0\selenium-remote-driver-3.14.0.jar;D:\myProject\mavenrepos\repository\net\bytebuddy\byte-buddy\1.8.15\byte-buddy-1.8.15.jar;D:\myProject\mavenrepos\repository\org\apache\commons\commons-exec\1.3\commons-exec-1.3.jar;D:\myProject\mavenrepos\repository\commons-codec\commons-codec\1.10\commons-codec-1.10.jar;D:\myProject\mavenrepos\repository\commons-logging\commons-logging\1.2\commons-logging-1.2.jar;D:\myProject\mavenrepos\repository\com\google\guava\guava\25.0-jre\guava-25.0-jre.jar;D:\myProject\mavenrepos\repository\com\google\code\findbugs\jsr305\1.3.9\jsr305-1.3.9.jar;D:\myProject\mavenrepos\repository\org\checkerframework\checker-compat-qual\2.0.0\checker-compat-qual-2.0.0.jar;D:\myProject\mavenrepos\repository\com\google\errorprone\error_prone_annotations\2.1.3\error_prone_annotations-2.1.3.jar;D:\myProject\mavenrepos\repository\com\google\j2objc\j2objc-annotations\1.1\j2objc-annotations-1.1.jar;D:\myProject\mavenrepos\repository\org\codehaus\mojo\animal-sniffer-annotations\1.14\animal-sniffer-annotations-1.14.jar;D:\myProject\mavenrepos\repository\org\apache\httpcomponents\httpclient\4.5.5\httpclient-4.5.5.jar;D:\myProject\mavenrepos\repository\org\apache\httpcomponents\httpcore\4.4.9\httpcore-4.4.9.jar;D:\myProject\mavenrepos\repository\com\squareup\okhttp3\okhttp\3.10.0\okhttp-3.10.0.jar;D:\myProject\mavenrepos\repository\com\squareup\okio\okio\1.14.1\okio-1.14.1.jar;D:\myProject\mavenrepos\repository\org\springframework\spring-context\5.1.1.RELEASE\spring-context-5.1.1.RELEASE.jar;D:\myProject\mavenrepos\repository\org\springframework\spring-aop\5.1.1.RELEASE\spring-aop-5.1.1.RELEASE.jar;D:\myProject\mavenrepos\repository\org\springframework\spring-beans\5.1.1.RELEASE\spring-beans-5.1.1.RELEASE.jar;D:\myProject\mavenrepos\repository\org\springframework\spring-core\5.1.1.RELEASE\spring-core-5.1.1.RELEASE.jar;D:\myProject\mavenrepos\repository\org\springframework\spring-jcl\5.1.1.RELEASE\spring-jcl-5.1.1.RELEASE.jar;D:\myProject\mavenrepos\repository\org\springframework\spring-expression\5.1.1.RELEASE\spring-expression-5.1.1.RELEASE.jar;D:\myProject\mavenrepos\repository\org\springframework\spring-test\5.1.1.RELEASE\spring-test-5.1.1.RELEASE.jar;D:\myProject\mavenrepos\repository\org\seleniumhq\selenium\selenium-support\3.14.0\selenium-support-3.14.0.jar;"/>
    <property name="sun.cpu.endian" value="little"/>
    <property name="user.home" value="C:\Users\chr"/>
    <property name="user.language" value="fr"/>
    <property name="java.specification.vendor" value="Oracle Corporation"/>
    <property name="java.home" value="C:\Program Files\Java\jdk1.8.0_172\jre"/>
    <property name="basedir" value="D:\myProject\eclipsewkspaceoxy\SeleniumWebDriverProjs\swd-integrationtesting"/>
    <property name="file.separator" value="\"/>
    <property name="line.separator" value="&#10;"/>
    <property name="java.vm.specification.vendor" value="Oracle Corporation"/>
    <property name="java.specification.name" value="Java Platform API Specification"/>
    <property name="java.awt.graphicsenv" value="sun.awt.Win32GraphicsEnvironment"/>
    <property name="surefire.real.class.path" value="C:\Users\chr\AppData\Local\Temp\surefire3575235752811006492\surefirebooter1526917613270479308.jar"/>
    <property name="sun.boot.class.path" value="C:\Program Files\Java\jdk1.8.0_172\jre\lib\resources.jar;C:\Program Files\Java\jdk1.8.0_172\jre\lib\rt.jar;C:\Program Files\Java\jdk1.8.0_172\jre\lib\sunrsasign.jar;C:\Program Files\Java\jdk1.8.0_172\jre\lib\jsse.jar;C:\Program Files\Java\jdk1.8.0_172\jre\lib\jce.jar;C:\Program Files\Java\jdk1.8.0_172\jre\lib\charsets.jar;C:\Program Files\Java\jdk1.8.0_172\jre\lib\jfr.jar;C:\Program Files\Java\jdk1.8.0_172\jre\classes"/>
    <property name="user.script" value=""/>
    <property name="sun.management.compiler" value="HotSpot 64-Bit Tiered Compilers"/>
    <property name="java.runtime.version" value="1.8.0_172-b11"/>
    <property name="user.name" value="chr"/>
    <property name="path.separator" value=";"/>
    <property name="os.version" value="6.1"/>
    <property name="java.endorsed.dirs" value="C:\Program Files\Java\jdk1.8.0_172\jre\lib\endorsed"/>
    <property name="java.runtime.name" value="Java(TM) SE Runtime Environment"/>
    <property name="file.encoding" value="Cp1252"/>
    <property name="java.vm.name" value="Java HotSpot(TM) 64-Bit Server VM"/>
    <property name="localRepository" value="D:\myProject\mavenrepos\repository"/>
    <property name="java.vendor.url.bug" value="http://bugreport.sun.com/bugreport/"/>
    <property name="java.io.tmpdir" value="C:\Users\chr\AppData\Local\Temp\"/>
    <property name="java.version" value="1.8.0_172"/>
    <property name="user.dir" value="D:\myProject\eclipsewkspaceoxy\SeleniumWebDriverProjs\swd-integrationtesting"/>
    <property name="os.arch" value="amd64"/>
    <property name="java.vm.specification.name" value="Java Virtual Machine Specification"/>
    <property name="java.awt.printerjob" value="sun.awt.windows.WPrinterJob"/>
    <property name="sun.os.patch.level" value="Service Pack 1"/>
    <property name="java.library.path" value="C:\Program Files\Java\jdk1.8.0_172\jre\bin;C:\Windows\Sun\Java\bin;C:\Windows\system32;C:\Windows;D:\myProject\CmderInstallation\cmder\bin;D:\myProject\CmderInstallation\cmder\vendor\conemu-maximus5\ConEmu\Scripts;D:\myProject\CmderInstallation\cmder\vendor\conemu-maximus5;D:\myProject\CmderInstallation\cmder\vendor\conemu-maximus5\ConEmu;C:\Program Files (x86)\Common Files\Oracle\Java\javapath;.;C:\Program Files\Java\jdk1.8.0_172\bin;C:\Program Files\Java\jre1.8.0_172\bin;D:\myProject\apache-ant-1.10.1\bin;D:\myProject\testng\testng-6.14.3.jar;C:\ProgramData\Oracle\Java\javapath;C:\Windows\system32;C:\Windows;C:\Windows\System32\Wbem;C:\Windows\System32\WindowsPowerShell\v1.0\;C:\Program Files\WIDCOMM\Bluetooth Software\;C:\Program Files\WIDCOMM\Bluetooth Software\syswow64;D:\myProject\nvm-noinstall;C:\Program Files\nodejs;C:\Program Files (x86)\nodejs;C:\Program Files\Git\cmd;D:\myProject\IEDriverServer64;C:\Program Files (x86)\Common Files\HP\Digital Imaging\bin;C:\Program Files (x86)\HP\Digital Imaging\bin\;C:\Program Files (x86)\HP\Digital Imaging\bin\Qt\Qt 4.3.3;D:\myProjects\VisualSVN Server\bin;D:\myProjects\TortoiseSVN\bin;D:\myProject\graphviz238\release\bin;D:\myProject\gradle-46installation\bin;D:\myProject\curl-7.51.0-win64-mingw\bin;D:\myProject\spring-boot-cli-2.0.2.RELEASE\bin;D:\myProject\tree-1.5.2.2-bin\bin;D:\myProject\PostgreSQL\10\bin;C:\Program Files (x86)\Common Files\HP\Digital Imaging\bin;C:\Program Files (x86)\HP\Digital Imaging\bin\;C:\Program Files (x86)\HP\Digital Imaging\bin\Qt\Qt 4.3.3;C:\Program Files\Docker Toolbox;D:\myProject\maven\apache-maven-3.5.3\bin;C:\Program Files\Git\usr\bin;C:\Program Files\Git\usr\share\vim\vim74;D:\myProject\CmderInstallation\cmder\;."/>
    <property name="java.vm.info" value="mixed mode"/>
    <property name="java.vendor" value="Oracle Corporation"/>
    <property name="java.vm.version" value="25.172-b11"/>
    <property name="java.ext.dirs" value="C:\Program Files\Java\jdk1.8.0_172\jre\lib\ext;C:\Windows\Sun\Java\lib\ext"/>
    <property name="sun.io.unicode.encoding" value="UnicodeLittle"/>
    <property name="java.class.version" value="52.0"/>
  </properties>
  <testcase name="initializationError" classname="pagefactory.AbstractIT" time="0">
    <error message="No runnable methods" type="java.lang.Exception">java.lang.Exception: No runnable methods
</error>
  </testcase>
</testsuite>